PC=00000000 	 SP=0000270f 	 A=fffffe0c 	 B=00000000 ldc -500

PC=00000001 	 SP=0000270f 	 A=fffffe0d 	 B=00000000 adc 1

PC=00000000 	 SP=0000270f 	 A=fffffe0d 	 B=00000000 ldc -500

PC=00000001 	 SP=0000270f 	 A=fffffe0e 	 B=00000000 adc 1

PC=00000000 	 SP=0000270f 	 A=fffffe0e 	 B=00000000 ldc -500

PC=00000001 	 SP=0000270f 	 A=fffffe0f 	 B=00000000 adc 1

PC=00000000 	 SP=0000270f 	 A=fffffe0f 	 B=00000000 ldc -500

PC=00000001 	 SP=0000270f 	 A=fffffe10 	 B=00000000 adc 1

PC=00000000 	 SP=0000270f 	 A=fffffe10 	 B=00000000 ldc -500

PC=00000001 	 SP=0000270f 	 A=fffffe11 	 B=00000000 adc 1

PC=00000000 	 SP=0000270f 	 A=fffffe11 	 B=00000000 ldc -500

PC=00000001 	 SP=0000270f 	 A=fffffe12 	 B=00000000 adc 1

PC=00000000 	 SP=0000270f 	 A=fffffe12 	 B=00000000 ldc -500

PC=00000001 	 SP=0000270f 	 A=fffffe13 	 B=00000000 adc 1

PC=00000000 	 SP=0000270f 	 A=fffffe13 	 B=00000000 ldc -500

PC=00000001 	 SP=0000270f 	 A=fffffe14 	 B=00000000 adc 1

PC=00000000 	 SP=0000270f 	 A=fffffe14 	 B=00000000 ldc -500

PC=00000001 	 SP=0000270f 	 A=fffffe15 	 B=00000000 adc 1

PC=00000000 	 SP=0000270f 	 A=fffffe15 	 B=00000000 ldc -500

PC=00000001 	 SP=0000270f 	 A=fffffe16 	 B=00000000 adc 1

PC=00000000 	 SP=0000270f 	 A=fffffe16 	 B=00000000 ldc -500

PC=00000001 	 SP=0000270f 	 A=fffffe17 	 B=00000000 adc 1

PC=00000000 	 SP=0000270f 	 A=fffffe17 	 B=00000000 ldc -500

PC=00000001 	 SP=0000270f 	 A=fffffe18 	 B=00000000 adc 1

PC=00000000 	 SP=0000270f 	 A=fffffe18 	 B=00000000 ldc -500

PC=00000001 	 SP=0000270f 	 A=fffffe19 	 B=00000000 adc 1

PC=00000000 	 SP=0000270f 	 A=fffffe19 	 B=00000000 ldc -500

PC=00000001 	 SP=0000270f 	 A=fffffe1a 	 B=00000000 adc 1

PC=00000000 	 SP=0000270f 	 A=fffffe1a 	 B=00000000 ldc -500

PC=00000001 	 SP=0000270f 	 A=fffffe1b 	 B=00000000 adc 1

PC=00000000 	 SP=0000270f 	 A=fffffe1b 	 B=00000000 ldc -500

PC=00000001 	 SP=0000270f 	 A=fffffe1c 	 B=00000000 adc 1

PC=00000000 	 SP=0000270f 	 A=fffffe1c 	 B=00000000 ldc -500

PC=00000001 	 SP=0000270f 	 A=fffffe1d 	 B=00000000 adc 1

PC=00000000 	 SP=0000270f 	 A=fffffe1d 	 B=00000000 ldc -500

PC=00000001 	 SP=0000270f 	 A=fffffe1e 	 B=00000000 adc 1

PC=00000000 	 SP=0000270f 	 A=fffffe1e 	 B=00000000 ldc -500

PC=00000001 	 SP=0000270f 	 A=fffffe1f 	 B=00000000 adc 1

PC=00000000 	 SP=0000270f 	 A=fffffe1f 	 B=00000000 ldc -500

PC=00000001 	 SP=0000270f 	 A=fffffe20 	 B=00000000 adc 1

PC=00000000 	 SP=0000270f 	 A=fffffe20 	 B=00000000 ldc -500

PC=00000001 	 SP=0000270f 	 A=fffffe21 	 B=00000000 adc 1

PC=00000000 	 SP=0000270f 	 A=fffffe21 	 B=00000000 ldc -500

PC=00000001 	 SP=0000270f 	 A=fffffe22 	 B=00000000 adc 1

PC=00000000 	 SP=0000270f 	 A=fffffe22 	 B=00000000 ldc -500

PC=00000001 	 SP=0000270f 	 A=fffffe23 	 B=00000000 adc 1

PC=00000000 	 SP=0000270f 	 A=fffffe23 	 B=00000000 ldc -500

PC=00000001 	 SP=0000270f 	 A=fffffe24 	 B=00000000 adc 1

PC=00000000 	 SP=0000270f 	 A=fffffe24 	 B=00000000 ldc -500

PC=00000001 	 SP=0000270f 	 A=fffffe25 	 B=00000000 adc 1

PC=00000000 	 SP=0000270f 	 A=fffffe25 	 B=00000000 ldc -500

PC=00000001 	 SP=0000270f 	 A=fffffe26 	 B=00000000 adc 1

PC=00000000 	 SP=0000270f 	 A=fffffe26 	 B=00000000 ldc -500

PC=00000001 	 SP=0000270f 	 A=fffffe27 	 B=00000000 adc 1

PC=00000000 	 SP=0000270f 	 A=fffffe27 	 B=00000000 ldc -500

PC=00000001 	 SP=0000270f 	 A=fffffe28 	 B=00000000 adc 1

PC=00000000 	 SP=0000270f 	 A=fffffe28 	 B=00000000 ldc -500

PC=00000001 	 SP=0000270f 	 A=fffffe29 	 B=00000000 adc 1

PC=00000000 	 SP=0000270f 	 A=fffffe29 	 B=00000000 ldc -500

PC=00000001 	 SP=0000270f 	 A=fffffe2a 	 B=00000000 adc 1

PC=00000000 	 SP=0000270f 	 A=fffffe2a 	 B=00000000 ldc -500

PC=00000001 	 SP=0000270f 	 A=fffffe2b 	 B=00000000 adc 1

PC=00000000 	 SP=0000270f 	 A=fffffe2b 	 B=00000000 ldc -500

PC=00000001 	 SP=0000270f 	 A=fffffe2c 	 B=00000000 adc 1

PC=00000000 	 SP=0000270f 	 A=fffffe2c 	 B=00000000 ldc -500

PC=00000001 	 SP=0000270f 	 A=fffffe2d 	 B=00000000 adc 1

PC=00000000 	 SP=0000270f 	 A=fffffe2d 	 B=00000000 ldc -500

PC=00000001 	 SP=0000270f 	 A=fffffe2e 	 B=00000000 adc 1

PC=00000000 	 SP=0000270f 	 A=fffffe2e 	 B=00000000 ldc -500

PC=00000001 	 SP=0000270f 	 A=fffffe2f 	 B=00000000 adc 1

PC=00000000 	 SP=0000270f 	 A=fffffe2f 	 B=00000000 ldc -500

PC=00000001 	 SP=0000270f 	 A=fffffe30 	 B=00000000 adc 1

PC=00000000 	 SP=0000270f 	 A=fffffe30 	 B=00000000 ldc -500

PC=00000001 	 SP=0000270f 	 A=fffffe31 	 B=00000000 adc 1

PC=00000000 	 SP=0000270f 	 A=fffffe31 	 B=00000000 ldc -500

PC=00000001 	 SP=0000270f 	 A=fffffe32 	 B=00000000 adc 1

PC=00000000 	 SP=0000270f 	 A=fffffe32 	 B=00000000 ldc -500

PC=00000001 	 SP=0000270f 	 A=fffffe33 	 B=00000000 adc 1

PC=00000000 	 SP=0000270f 	 A=fffffe33 	 B=00000000 ldc -500

PC=00000001 	 SP=0000270f 	 A=fffffe34 	 B=00000000 adc 1

PC=00000000 	 SP=0000270f 	 A=fffffe34 	 B=00000000 ldc -500

PC=00000001 	 SP=0000270f 	 A=fffffe35 	 B=00000000 adc 1

PC=00000000 	 SP=0000270f 	 A=fffffe35 	 B=00000000 ldc -500

PC=00000001 	 SP=0000270f 	 A=fffffe36 	 B=00000000 adc 1

PC=00000000 	 SP=0000270f 	 A=fffffe36 	 B=00000000 ldc -500

PC=00000001 	 SP=0000270f 	 A=fffffe37 	 B=00000000 adc 1

PC=00000000 	 SP=0000270f 	 A=fffffe37 	 B=00000000 ldc -500

PC=00000001 	 SP=0000270f 	 A=fffffe38 	 B=00000000 adc 1

PC=00000000 	 SP=0000270f 	 A=fffffe38 	 B=00000000 ldc -500

PC=00000001 	 SP=0000270f 	 A=fffffe39 	 B=00000000 adc 1

PC=00000000 	 SP=0000270f 	 A=fffffe39 	 B=00000000 ldc -500

PC=00000001 	 SP=0000270f 	 A=fffffe3a 	 B=00000000 adc 1

PC=00000000 	 SP=0000270f 	 A=fffffe3a 	 B=00000000 ldc -500

PC=00000001 	 SP=0000270f 	 A=fffffe3b 	 B=00000000 adc 1

PC=00000000 	 SP=0000270f 	 A=fffffe3b 	 B=00000000 ldc -500

PC=00000001 	 SP=0000270f 	 A=fffffe3c 	 B=00000000 adc 1

PC=00000000 	 SP=0000270f 	 A=fffffe3c 	 B=00000000 ldc -500

PC=00000001 	 SP=0000270f 	 A=fffffe3d 	 B=00000000 adc 1

PC=00000000 	 SP=0000270f 	 A=fffffe3d 	 B=00000000 ldc -500

PC=00000001 	 SP=0000270f 	 A=fffffe3e 	 B=00000000 adc 1

PC=00000000 	 SP=0000270f 	 A=fffffe3e 	 B=00000000 ldc -500

PC=00000001 	 SP=0000270f 	 A=fffffe3f 	 B=00000000 adc 1

PC=00000000 	 SP=0000270f 	 A=fffffe3f 	 B=00000000 ldc -500

PC=00000001 	 SP=0000270f 	 A=fffffe40 	 B=00000000 adc 1

PC=00000000 	 SP=0000270f 	 A=fffffe40 	 B=00000000 ldc -500

PC=00000001 	 SP=0000270f 	 A=fffffe41 	 B=00000000 adc 1

PC=00000000 	 SP=0000270f 	 A=fffffe41 	 B=00000000 ldc -500

PC=00000001 	 SP=0000270f 	 A=fffffe42 	 B=00000000 adc 1

PC=00000000 	 SP=0000270f 	 A=fffffe42 	 B=00000000 ldc -500

PC=00000001 	 SP=0000270f 	 A=fffffe43 	 B=00000000 adc 1

PC=00000000 	 SP=0000270f 	 A=fffffe43 	 B=00000000 ldc -500

PC=00000001 	 SP=0000270f 	 A=fffffe44 	 B=00000000 adc 1

PC=00000000 	 SP=0000270f 	 A=fffffe44 	 B=00000000 ldc -500

PC=00000001 	 SP=0000270f 	 A=fffffe45 	 B=00000000 adc 1

PC=00000000 	 SP=0000270f 	 A=fffffe45 	 B=00000000 ldc -500

PC=00000001 	 SP=0000270f 	 A=fffffe46 	 B=00000000 adc 1

PC=00000000 	 SP=0000270f 	 A=fffffe46 	 B=00000000 ldc -500

PC=00000001 	 SP=0000270f 	 A=fffffe47 	 B=00000000 adc 1

PC=00000000 	 SP=0000270f 	 A=fffffe47 	 B=00000000 ldc -500

PC=00000001 	 SP=0000270f 	 A=fffffe48 	 B=00000000 adc 1

PC=00000000 	 SP=0000270f 	 A=fffffe48 	 B=00000000 ldc -500

PC=00000001 	 SP=0000270f 	 A=fffffe49 	 B=00000000 adc 1

PC=00000000 	 SP=0000270f 	 A=fffffe49 	 B=00000000 ldc -500

PC=00000001 	 SP=0000270f 	 A=fffffe4a 	 B=00000000 adc 1

PC=00000000 	 SP=0000270f 	 A=fffffe4a 	 B=00000000 ldc -500

PC=00000001 	 SP=0000270f 	 A=fffffe4b 	 B=00000000 adc 1

PC=00000000 	 SP=0000270f 	 A=fffffe4b 	 B=00000000 ldc -500

PC=00000001 	 SP=0000270f 	 A=fffffe4c 	 B=00000000 adc 1

PC=00000000 	 SP=0000270f 	 A=fffffe4c 	 B=00000000 ldc -500

PC=00000001 	 SP=0000270f 	 A=fffffe4d 	 B=00000000 adc 1

PC=00000000 	 SP=0000270f 	 A=fffffe4d 	 B=00000000 ldc -500

PC=00000001 	 SP=0000270f 	 A=fffffe4e 	 B=00000000 adc 1

PC=00000000 	 SP=0000270f 	 A=fffffe4e 	 B=00000000 ldc -500

PC=00000001 	 SP=0000270f 	 A=fffffe4f 	 B=00000000 adc 1

PC=00000000 	 SP=0000270f 	 A=fffffe4f 	 B=00000000 ldc -500

PC=00000001 	 SP=0000270f 	 A=fffffe50 	 B=00000000 adc 1

PC=00000000 	 SP=0000270f 	 A=fffffe50 	 B=00000000 ldc -500

PC=00000001 	 SP=0000270f 	 A=fffffe51 	 B=00000000 adc 1

PC=00000000 	 SP=0000270f 	 A=fffffe51 	 B=00000000 ldc -500

PC=00000001 	 SP=0000270f 	 A=fffffe52 	 B=00000000 adc 1

PC=00000000 	 SP=0000270f 	 A=fffffe52 	 B=00000000 ldc -500

PC=00000001 	 SP=0000270f 	 A=fffffe53 	 B=00000000 adc 1

PC=00000000 	 SP=0000270f 	 A=fffffe53 	 B=00000000 ldc -500

PC=00000001 	 SP=0000270f 	 A=fffffe54 	 B=00000000 adc 1

PC=00000000 	 SP=0000270f 	 A=fffffe54 	 B=00000000 ldc -500

PC=00000001 	 SP=0000270f 	 A=fffffe55 	 B=00000000 adc 1

PC=00000000 	 SP=0000270f 	 A=fffffe55 	 B=00000000 ldc -500

PC=00000001 	 SP=0000270f 	 A=fffffe56 	 B=00000000 adc 1

PC=00000000 	 SP=0000270f 	 A=fffffe56 	 B=00000000 ldc -500

PC=00000001 	 SP=0000270f 	 A=fffffe57 	 B=00000000 adc 1

PC=00000000 	 SP=0000270f 	 A=fffffe57 	 B=00000000 ldc -500

PC=00000001 	 SP=0000270f 	 A=fffffe58 	 B=00000000 adc 1

PC=00000000 	 SP=0000270f 	 A=fffffe58 	 B=00000000 ldc -500

PC=00000001 	 SP=0000270f 	 A=fffffe59 	 B=00000000 adc 1

PC=00000000 	 SP=0000270f 	 A=fffffe59 	 B=00000000 ldc -500

PC=00000001 	 SP=0000270f 	 A=fffffe5a 	 B=00000000 adc 1

PC=00000000 	 SP=0000270f 	 A=fffffe5a 	 B=00000000 ldc -500

PC=00000001 	 SP=0000270f 	 A=fffffe5b 	 B=00000000 adc 1

PC=00000000 	 SP=0000270f 	 A=fffffe5b 	 B=00000000 ldc -500

PC=00000001 	 SP=0000270f 	 A=fffffe5c 	 B=00000000 adc 1

PC=00000000 	 SP=0000270f 	 A=fffffe5c 	 B=00000000 ldc -500

PC=00000001 	 SP=0000270f 	 A=fffffe5d 	 B=00000000 adc 1

PC=00000000 	 SP=0000270f 	 A=fffffe5d 	 B=00000000 ldc -500

PC=00000001 	 SP=0000270f 	 A=fffffe5e 	 B=00000000 adc 1

PC=00000000 	 SP=0000270f 	 A=fffffe5e 	 B=00000000 ldc -500

PC=00000001 	 SP=0000270f 	 A=fffffe5f 	 B=00000000 adc 1

PC=00000000 	 SP=0000270f 	 A=fffffe5f 	 B=00000000 ldc -500

PC=00000001 	 SP=0000270f 	 A=fffffe60 	 B=00000000 adc 1

PC=00000000 	 SP=0000270f 	 A=fffffe60 	 B=00000000 ldc -500

PC=00000001 	 SP=0000270f 	 A=fffffe61 	 B=00000000 adc 1

PC=00000000 	 SP=0000270f 	 A=fffffe61 	 B=00000000 ldc -500

PC=00000001 	 SP=0000270f 	 A=fffffe62 	 B=00000000 adc 1

PC=00000000 	 SP=0000270f 	 A=fffffe62 	 B=00000000 ldc -500

PC=00000001 	 SP=0000270f 	 A=fffffe63 	 B=00000000 adc 1

PC=00000000 	 SP=0000270f 	 A=fffffe63 	 B=00000000 ldc -500

PC=00000001 	 SP=0000270f 	 A=fffffe64 	 B=00000000 adc 1

PC=00000000 	 SP=0000270f 	 A=fffffe64 	 B=00000000 ldc -500

PC=00000001 	 SP=0000270f 	 A=fffffe65 	 B=00000000 adc 1

PC=00000000 	 SP=0000270f 	 A=fffffe65 	 B=00000000 ldc -500

PC=00000001 	 SP=0000270f 	 A=fffffe66 	 B=00000000 adc 1

PC=00000000 	 SP=0000270f 	 A=fffffe66 	 B=00000000 ldc -500

PC=00000001 	 SP=0000270f 	 A=fffffe67 	 B=00000000 adc 1

PC=00000000 	 SP=0000270f 	 A=fffffe67 	 B=00000000 ldc -500

PC=00000001 	 SP=0000270f 	 A=fffffe68 	 B=00000000 adc 1

PC=00000000 	 SP=0000270f 	 A=fffffe68 	 B=00000000 ldc -500

PC=00000001 	 SP=0000270f 	 A=fffffe69 	 B=00000000 adc 1

PC=00000000 	 SP=0000270f 	 A=fffffe69 	 B=00000000 ldc -500

PC=00000001 	 SP=0000270f 	 A=fffffe6a 	 B=00000000 adc 1

PC=00000000 	 SP=0000270f 	 A=fffffe6a 	 B=00000000 ldc -500

PC=00000001 	 SP=0000270f 	 A=fffffe6b 	 B=00000000 adc 1

PC=00000000 	 SP=0000270f 	 A=fffffe6b 	 B=00000000 ldc -500

PC=00000001 	 SP=0000270f 	 A=fffffe6c 	 B=00000000 adc 1

PC=00000000 	 SP=0000270f 	 A=fffffe6c 	 B=00000000 ldc -500

PC=00000001 	 SP=0000270f 	 A=fffffe6d 	 B=00000000 adc 1

PC=00000000 	 SP=0000270f 	 A=fffffe6d 	 B=00000000 ldc -500

PC=00000001 	 SP=0000270f 	 A=fffffe6e 	 B=00000000 adc 1

PC=00000000 	 SP=0000270f 	 A=fffffe6e 	 B=00000000 ldc -500

PC=00000001 	 SP=0000270f 	 A=fffffe6f 	 B=00000000 adc 1

PC=00000000 	 SP=0000270f 	 A=fffffe6f 	 B=00000000 ldc -500

PC=00000001 	 SP=0000270f 	 A=fffffe70 	 B=00000000 adc 1

PC=00000000 	 SP=0000270f 	 A=fffffe70 	 B=00000000 ldc -500

PC=00000001 	 SP=0000270f 	 A=fffffe71 	 B=00000000 adc 1

PC=00000000 	 SP=0000270f 	 A=fffffe71 	 B=00000000 ldc -500

PC=00000001 	 SP=0000270f 	 A=fffffe72 	 B=00000000 adc 1

PC=00000000 	 SP=0000270f 	 A=fffffe72 	 B=00000000 ldc -500

PC=00000001 	 SP=0000270f 	 A=fffffe73 	 B=00000000 adc 1

PC=00000000 	 SP=0000270f 	 A=fffffe73 	 B=00000000 ldc -500

PC=00000001 	 SP=0000270f 	 A=fffffe74 	 B=00000000 adc 1

PC=00000000 	 SP=0000270f 	 A=fffffe74 	 B=00000000 ldc -500

PC=00000001 	 SP=0000270f 	 A=fffffe75 	 B=00000000 adc 1

PC=00000000 	 SP=0000270f 	 A=fffffe75 	 B=00000000 ldc -500

PC=00000001 	 SP=0000270f 	 A=fffffe76 	 B=00000000 adc 1

PC=00000000 	 SP=0000270f 	 A=fffffe76 	 B=00000000 ldc -500

PC=00000001 	 SP=0000270f 	 A=fffffe77 	 B=00000000 adc 1

PC=00000000 	 SP=0000270f 	 A=fffffe77 	 B=00000000 ldc -500

PC=00000001 	 SP=0000270f 	 A=fffffe78 	 B=00000000 adc 1

PC=00000000 	 SP=0000270f 	 A=fffffe78 	 B=00000000 ldc -500

PC=00000001 	 SP=0000270f 	 A=fffffe79 	 B=00000000 adc 1

PC=00000000 	 SP=0000270f 	 A=fffffe79 	 B=00000000 ldc -500

PC=00000001 	 SP=0000270f 	 A=fffffe7a 	 B=00000000 adc 1

PC=00000000 	 SP=0000270f 	 A=fffffe7a 	 B=00000000 ldc -500

PC=00000001 	 SP=0000270f 	 A=fffffe7b 	 B=00000000 adc 1

PC=00000000 	 SP=0000270f 	 A=fffffe7b 	 B=00000000 ldc -500

PC=00000001 	 SP=0000270f 	 A=fffffe7c 	 B=00000000 adc 1

PC=00000000 	 SP=0000270f 	 A=fffffe7c 	 B=00000000 ldc -500

PC=00000001 	 SP=0000270f 	 A=fffffe7d 	 B=00000000 adc 1

PC=00000000 	 SP=0000270f 	 A=fffffe7d 	 B=00000000 ldc -500

PC=00000001 	 SP=0000270f 	 A=fffffe7e 	 B=00000000 adc 1

PC=00000000 	 SP=0000270f 	 A=fffffe7e 	 B=00000000 ldc -500

PC=00000001 	 SP=0000270f 	 A=fffffe7f 	 B=00000000 adc 1

PC=00000000 	 SP=0000270f 	 A=fffffe7f 	 B=00000000 ldc -500

PC=00000001 	 SP=0000270f 	 A=fffffe80 	 B=00000000 adc 1

PC=00000000 	 SP=0000270f 	 A=fffffe80 	 B=00000000 ldc -500

PC=00000001 	 SP=0000270f 	 A=fffffe81 	 B=00000000 adc 1

PC=00000000 	 SP=0000270f 	 A=fffffe81 	 B=00000000 ldc -500

PC=00000001 	 SP=0000270f 	 A=fffffe82 	 B=00000000 adc 1

PC=00000000 	 SP=0000270f 	 A=fffffe82 	 B=00000000 ldc -500

PC=00000001 	 SP=0000270f 	 A=fffffe83 	 B=00000000 adc 1

PC=00000000 	 SP=0000270f 	 A=fffffe83 	 B=00000000 ldc -500

PC=00000001 	 SP=0000270f 	 A=fffffe84 	 B=00000000 adc 1

PC=00000000 	 SP=0000270f 	 A=fffffe84 	 B=00000000 ldc -500

PC=00000001 	 SP=0000270f 	 A=fffffe85 	 B=00000000 adc 1

PC=00000000 	 SP=0000270f 	 A=fffffe85 	 B=00000000 ldc -500

PC=00000001 	 SP=0000270f 	 A=fffffe86 	 B=00000000 adc 1

PC=00000000 	 SP=0000270f 	 A=fffffe86 	 B=00000000 ldc -500

PC=00000001 	 SP=0000270f 	 A=fffffe87 	 B=00000000 adc 1

PC=00000000 	 SP=0000270f 	 A=fffffe87 	 B=00000000 ldc -500

PC=00000001 	 SP=0000270f 	 A=fffffe88 	 B=00000000 adc 1

PC=00000000 	 SP=0000270f 	 A=fffffe88 	 B=00000000 ldc -500

PC=00000001 	 SP=0000270f 	 A=fffffe89 	 B=00000000 adc 1

PC=00000000 	 SP=0000270f 	 A=fffffe89 	 B=00000000 ldc -500

PC=00000001 	 SP=0000270f 	 A=fffffe8a 	 B=00000000 adc 1

PC=00000000 	 SP=0000270f 	 A=fffffe8a 	 B=00000000 ldc -500

PC=00000001 	 SP=0000270f 	 A=fffffe8b 	 B=00000000 adc 1

PC=00000000 	 SP=0000270f 	 A=fffffe8b 	 B=00000000 ldc -500

PC=00000001 	 SP=0000270f 	 A=fffffe8c 	 B=00000000 adc 1

PC=00000000 	 SP=0000270f 	 A=fffffe8c 	 B=00000000 ldc -500

PC=00000001 	 SP=0000270f 	 A=fffffe8d 	 B=00000000 adc 1

PC=00000000 	 SP=0000270f 	 A=fffffe8d 	 B=00000000 ldc -500

PC=00000001 	 SP=0000270f 	 A=fffffe8e 	 B=00000000 adc 1

PC=00000000 	 SP=0000270f 	 A=fffffe8e 	 B=00000000 ldc -500

PC=00000001 	 SP=0000270f 	 A=fffffe8f 	 B=00000000 adc 1

PC=00000000 	 SP=0000270f 	 A=fffffe8f 	 B=00000000 ldc -500

PC=00000001 	 SP=0000270f 	 A=fffffe90 	 B=00000000 adc 1

PC=00000000 	 SP=0000270f 	 A=fffffe90 	 B=00000000 ldc -500

PC=00000001 	 SP=0000270f 	 A=fffffe91 	 B=00000000 adc 1

PC=00000000 	 SP=0000270f 	 A=fffffe91 	 B=00000000 ldc -500

PC=00000001 	 SP=0000270f 	 A=fffffe92 	 B=00000000 adc 1

PC=00000000 	 SP=0000270f 	 A=fffffe92 	 B=00000000 ldc -500

PC=00000001 	 SP=0000270f 	 A=fffffe93 	 B=00000000 adc 1

PC=00000000 	 SP=0000270f 	 A=fffffe93 	 B=00000000 ldc -500

PC=00000001 	 SP=0000270f 	 A=fffffe94 	 B=00000000 adc 1

PC=00000000 	 SP=0000270f 	 A=fffffe94 	 B=00000000 ldc -500

PC=00000001 	 SP=0000270f 	 A=fffffe95 	 B=00000000 adc 1

PC=00000000 	 SP=0000270f 	 A=fffffe95 	 B=00000000 ldc -500

PC=00000001 	 SP=0000270f 	 A=fffffe96 	 B=00000000 adc 1

PC=00000000 	 SP=0000270f 	 A=fffffe96 	 B=00000000 ldc -500

PC=00000001 	 SP=0000270f 	 A=fffffe97 	 B=00000000 adc 1

PC=00000000 	 SP=0000270f 	 A=fffffe97 	 B=00000000 ldc -500

PC=00000001 	 SP=0000270f 	 A=fffffe98 	 B=00000000 adc 1

PC=00000000 	 SP=0000270f 	 A=fffffe98 	 B=00000000 ldc -500

PC=00000001 	 SP=0000270f 	 A=fffffe99 	 B=00000000 adc 1

PC=00000000 	 SP=0000270f 	 A=fffffe99 	 B=00000000 ldc -500

PC=00000001 	 SP=0000270f 	 A=fffffe9a 	 B=00000000 adc 1

PC=00000000 	 SP=0000270f 	 A=fffffe9a 	 B=00000000 ldc -500

PC=00000001 	 SP=0000270f 	 A=fffffe9b 	 B=00000000 adc 1

PC=00000000 	 SP=0000270f 	 A=fffffe9b 	 B=00000000 ldc -500

PC=00000001 	 SP=0000270f 	 A=fffffe9c 	 B=00000000 adc 1

PC=00000000 	 SP=0000270f 	 A=fffffe9c 	 B=00000000 ldc -500

PC=00000001 	 SP=0000270f 	 A=fffffe9d 	 B=00000000 adc 1

PC=00000000 	 SP=0000270f 	 A=fffffe9d 	 B=00000000 ldc -500

PC=00000001 	 SP=0000270f 	 A=fffffe9e 	 B=00000000 adc 1

PC=00000000 	 SP=0000270f 	 A=fffffe9e 	 B=00000000 ldc -500

PC=00000001 	 SP=0000270f 	 A=fffffe9f 	 B=00000000 adc 1

PC=00000000 	 SP=0000270f 	 A=fffffe9f 	 B=00000000 ldc -500

PC=00000001 	 SP=0000270f 	 A=fffffea0 	 B=00000000 adc 1

PC=00000000 	 SP=0000270f 	 A=fffffea0 	 B=00000000 ldc -500

PC=00000001 	 SP=0000270f 	 A=fffffea1 	 B=00000000 adc 1

PC=00000000 	 SP=0000270f 	 A=fffffea1 	 B=00000000 ldc -500

PC=00000001 	 SP=0000270f 	 A=fffffea2 	 B=00000000 adc 1

PC=00000000 	 SP=0000270f 	 A=fffffea2 	 B=00000000 ldc -500

PC=00000001 	 SP=0000270f 	 A=fffffea3 	 B=00000000 adc 1

PC=00000000 	 SP=0000270f 	 A=fffffea3 	 B=00000000 ldc -500

PC=00000001 	 SP=0000270f 	 A=fffffea4 	 B=00000000 adc 1

PC=00000000 	 SP=0000270f 	 A=fffffea4 	 B=00000000 ldc -500

PC=00000001 	 SP=0000270f 	 A=fffffea5 	 B=00000000 adc 1

PC=00000000 	 SP=0000270f 	 A=fffffea5 	 B=00000000 ldc -500

PC=00000001 	 SP=0000270f 	 A=fffffea6 	 B=00000000 adc 1

PC=00000000 	 SP=0000270f 	 A=fffffea6 	 B=00000000 ldc -500

PC=00000001 	 SP=0000270f 	 A=fffffea7 	 B=00000000 adc 1

PC=00000000 	 SP=0000270f 	 A=fffffea7 	 B=00000000 ldc -500

PC=00000001 	 SP=0000270f 	 A=fffffea8 	 B=00000000 adc 1

PC=00000000 	 SP=0000270f 	 A=fffffea8 	 B=00000000 ldc -500

PC=00000001 	 SP=0000270f 	 A=fffffea9 	 B=00000000 adc 1

PC=00000000 	 SP=0000270f 	 A=fffffea9 	 B=00000000 ldc -500

PC=00000001 	 SP=0000270f 	 A=fffffeaa 	 B=00000000 adc 1

PC=00000000 	 SP=0000270f 	 A=fffffeaa 	 B=00000000 ldc -500

PC=00000001 	 SP=0000270f 	 A=fffffeab 	 B=00000000 adc 1

PC=00000000 	 SP=0000270f 	 A=fffffeab 	 B=00000000 ldc -500

PC=00000001 	 SP=0000270f 	 A=fffffeac 	 B=00000000 adc 1

PC=00000000 	 SP=0000270f 	 A=fffffeac 	 B=00000000 ldc -500

PC=00000001 	 SP=0000270f 	 A=fffffead 	 B=00000000 adc 1

PC=00000000 	 SP=0000270f 	 A=fffffead 	 B=00000000 ldc -500

PC=00000001 	 SP=0000270f 	 A=fffffeae 	 B=00000000 adc 1

PC=00000000 	 SP=0000270f 	 A=fffffeae 	 B=00000000 ldc -500

PC=00000001 	 SP=0000270f 	 A=fffffeaf 	 B=00000000 adc 1

PC=00000000 	 SP=0000270f 	 A=fffffeaf 	 B=00000000 ldc -500

PC=00000001 	 SP=0000270f 	 A=fffffeb0 	 B=00000000 adc 1

PC=00000000 	 SP=0000270f 	 A=fffffeb0 	 B=00000000 ldc -500

PC=00000001 	 SP=0000270f 	 A=fffffeb1 	 B=00000000 adc 1

PC=00000000 	 SP=0000270f 	 A=fffffeb1 	 B=00000000 ldc -500

PC=00000001 	 SP=0000270f 	 A=fffffeb2 	 B=00000000 adc 1

PC=00000000 	 SP=0000270f 	 A=fffffeb2 	 B=00000000 ldc -500

PC=00000001 	 SP=0000270f 	 A=fffffeb3 	 B=00000000 adc 1

PC=00000000 	 SP=0000270f 	 A=fffffeb3 	 B=00000000 ldc -500

PC=00000001 	 SP=0000270f 	 A=fffffeb4 	 B=00000000 adc 1

PC=00000000 	 SP=0000270f 	 A=fffffeb4 	 B=00000000 ldc -500

PC=00000001 	 SP=0000270f 	 A=fffffeb5 	 B=00000000 adc 1

PC=00000000 	 SP=0000270f 	 A=fffffeb5 	 B=00000000 ldc -500

PC=00000001 	 SP=0000270f 	 A=fffffeb6 	 B=00000000 adc 1

PC=00000000 	 SP=0000270f 	 A=fffffeb6 	 B=00000000 ldc -500

PC=00000001 	 SP=0000270f 	 A=fffffeb7 	 B=00000000 adc 1

PC=00000000 	 SP=0000270f 	 A=fffffeb7 	 B=00000000 ldc -500

PC=00000001 	 SP=0000270f 	 A=fffffeb8 	 B=00000000 adc 1

PC=00000000 	 SP=0000270f 	 A=fffffeb8 	 B=00000000 ldc -500

PC=00000001 	 SP=0000270f 	 A=fffffeb9 	 B=00000000 adc 1

PC=00000000 	 SP=0000270f 	 A=fffffeb9 	 B=00000000 ldc -500

PC=00000001 	 SP=0000270f 	 A=fffffeba 	 B=00000000 adc 1

PC=00000000 	 SP=0000270f 	 A=fffffeba 	 B=00000000 ldc -500

PC=00000001 	 SP=0000270f 	 A=fffffebb 	 B=00000000 adc 1

PC=00000000 	 SP=0000270f 	 A=fffffebb 	 B=00000000 ldc -500

PC=00000001 	 SP=0000270f 	 A=fffffebc 	 B=00000000 adc 1

PC=00000000 	 SP=0000270f 	 A=fffffebc 	 B=00000000 ldc -500

PC=00000001 	 SP=0000270f 	 A=fffffebd 	 B=00000000 adc 1

PC=00000000 	 SP=0000270f 	 A=fffffebd 	 B=00000000 ldc -500

PC=00000001 	 SP=0000270f 	 A=fffffebe 	 B=00000000 adc 1

PC=00000000 	 SP=0000270f 	 A=fffffebe 	 B=00000000 ldc -500

PC=00000001 	 SP=0000270f 	 A=fffffebf 	 B=00000000 adc 1

PC=00000000 	 SP=0000270f 	 A=fffffebf 	 B=00000000 ldc -500

PC=00000001 	 SP=0000270f 	 A=fffffec0 	 B=00000000 adc 1

PC=00000000 	 SP=0000270f 	 A=fffffec0 	 B=00000000 ldc -500

PC=00000001 	 SP=0000270f 	 A=fffffec1 	 B=00000000 adc 1

PC=00000000 	 SP=0000270f 	 A=fffffec1 	 B=00000000 ldc -500

PC=00000001 	 SP=0000270f 	 A=fffffec2 	 B=00000000 adc 1

PC=00000000 	 SP=0000270f 	 A=fffffec2 	 B=00000000 ldc -500

PC=00000001 	 SP=0000270f 	 A=fffffec3 	 B=00000000 adc 1

PC=00000000 	 SP=0000270f 	 A=fffffec3 	 B=00000000 ldc -500

PC=00000001 	 SP=0000270f 	 A=fffffec4 	 B=00000000 adc 1

PC=00000000 	 SP=0000270f 	 A=fffffec4 	 B=00000000 ldc -500

PC=00000001 	 SP=0000270f 	 A=fffffec5 	 B=00000000 adc 1

PC=00000000 	 SP=0000270f 	 A=fffffec5 	 B=00000000 ldc -500

PC=00000001 	 SP=0000270f 	 A=fffffec6 	 B=00000000 adc 1

PC=00000000 	 SP=0000270f 	 A=fffffec6 	 B=00000000 ldc -500

PC=00000001 	 SP=0000270f 	 A=fffffec7 	 B=00000000 adc 1

PC=00000000 	 SP=0000270f 	 A=fffffec7 	 B=00000000 ldc -500

PC=00000001 	 SP=0000270f 	 A=fffffec8 	 B=00000000 adc 1

PC=00000000 	 SP=0000270f 	 A=fffffec8 	 B=00000000 ldc -500

PC=00000001 	 SP=0000270f 	 A=fffffec9 	 B=00000000 adc 1

PC=00000000 	 SP=0000270f 	 A=fffffec9 	 B=00000000 ldc -500

PC=00000001 	 SP=0000270f 	 A=fffffeca 	 B=00000000 adc 1

PC=00000000 	 SP=0000270f 	 A=fffffeca 	 B=00000000 ldc -500

PC=00000001 	 SP=0000270f 	 A=fffffecb 	 B=00000000 adc 1

PC=00000000 	 SP=0000270f 	 A=fffffecb 	 B=00000000 ldc -500

PC=00000001 	 SP=0000270f 	 A=fffffecc 	 B=00000000 adc 1

PC=00000000 	 SP=0000270f 	 A=fffffecc 	 B=00000000 ldc -500

PC=00000001 	 SP=0000270f 	 A=fffffecd 	 B=00000000 adc 1

PC=00000000 	 SP=0000270f 	 A=fffffecd 	 B=00000000 ldc -500

PC=00000001 	 SP=0000270f 	 A=fffffece 	 B=00000000 adc 1

PC=00000000 	 SP=0000270f 	 A=fffffece 	 B=00000000 ldc -500

PC=00000001 	 SP=0000270f 	 A=fffffecf 	 B=00000000 adc 1

PC=00000000 	 SP=0000270f 	 A=fffffecf 	 B=00000000 ldc -500

PC=00000001 	 SP=0000270f 	 A=fffffed0 	 B=00000000 adc 1

PC=00000000 	 SP=0000270f 	 A=fffffed0 	 B=00000000 ldc -500

PC=00000001 	 SP=0000270f 	 A=fffffed1 	 B=00000000 adc 1

PC=00000000 	 SP=0000270f 	 A=fffffed1 	 B=00000000 ldc -500

PC=00000001 	 SP=0000270f 	 A=fffffed2 	 B=00000000 adc 1

PC=00000000 	 SP=0000270f 	 A=fffffed2 	 B=00000000 ldc -500

PC=00000001 	 SP=0000270f 	 A=fffffed3 	 B=00000000 adc 1

PC=00000000 	 SP=0000270f 	 A=fffffed3 	 B=00000000 ldc -500

PC=00000001 	 SP=0000270f 	 A=fffffed4 	 B=00000000 adc 1

PC=00000000 	 SP=0000270f 	 A=fffffed4 	 B=00000000 ldc -500

PC=00000001 	 SP=0000270f 	 A=fffffed5 	 B=00000000 adc 1

PC=00000000 	 SP=0000270f 	 A=fffffed5 	 B=00000000 ldc -500

PC=00000001 	 SP=0000270f 	 A=fffffed6 	 B=00000000 adc 1

PC=00000000 	 SP=0000270f 	 A=fffffed6 	 B=00000000 ldc -500

PC=00000001 	 SP=0000270f 	 A=fffffed7 	 B=00000000 adc 1

PC=00000000 	 SP=0000270f 	 A=fffffed7 	 B=00000000 ldc -500

PC=00000001 	 SP=0000270f 	 A=fffffed8 	 B=00000000 adc 1

PC=00000000 	 SP=0000270f 	 A=fffffed8 	 B=00000000 ldc -500

PC=00000001 	 SP=0000270f 	 A=fffffed9 	 B=00000000 adc 1

PC=00000000 	 SP=0000270f 	 A=fffffed9 	 B=00000000 ldc -500

PC=00000001 	 SP=0000270f 	 A=fffffeda 	 B=00000000 adc 1

PC=00000000 	 SP=0000270f 	 A=fffffeda 	 B=00000000 ldc -500

PC=00000001 	 SP=0000270f 	 A=fffffedb 	 B=00000000 adc 1

PC=00000000 	 SP=0000270f 	 A=fffffedb 	 B=00000000 ldc -500

PC=00000001 	 SP=0000270f 	 A=fffffedc 	 B=00000000 adc 1

PC=00000000 	 SP=0000270f 	 A=fffffedc 	 B=00000000 ldc -500

PC=00000001 	 SP=0000270f 	 A=fffffedd 	 B=00000000 adc 1

PC=00000000 	 SP=0000270f 	 A=fffffedd 	 B=00000000 ldc -500

PC=00000001 	 SP=0000270f 	 A=fffffede 	 B=00000000 adc 1

PC=00000000 	 SP=0000270f 	 A=fffffede 	 B=00000000 ldc -500

PC=00000001 	 SP=0000270f 	 A=fffffedf 	 B=00000000 adc 1

PC=00000000 	 SP=0000270f 	 A=fffffedf 	 B=00000000 ldc -500

PC=00000001 	 SP=0000270f 	 A=fffffee0 	 B=00000000 adc 1

PC=00000000 	 SP=0000270f 	 A=fffffee0 	 B=00000000 ldc -500

PC=00000001 	 SP=0000270f 	 A=fffffee1 	 B=00000000 adc 1

PC=00000000 	 SP=0000270f 	 A=fffffee1 	 B=00000000 ldc -500

PC=00000001 	 SP=0000270f 	 A=fffffee2 	 B=00000000 adc 1

PC=00000000 	 SP=0000270f 	 A=fffffee2 	 B=00000000 ldc -500

PC=00000001 	 SP=0000270f 	 A=fffffee3 	 B=00000000 adc 1

PC=00000000 	 SP=0000270f 	 A=fffffee3 	 B=00000000 ldc -500

PC=00000001 	 SP=0000270f 	 A=fffffee4 	 B=00000000 adc 1

PC=00000000 	 SP=0000270f 	 A=fffffee4 	 B=00000000 ldc -500

PC=00000001 	 SP=0000270f 	 A=fffffee5 	 B=00000000 adc 1

PC=00000000 	 SP=0000270f 	 A=fffffee5 	 B=00000000 ldc -500

PC=00000001 	 SP=0000270f 	 A=fffffee6 	 B=00000000 adc 1

PC=00000000 	 SP=0000270f 	 A=fffffee6 	 B=00000000 ldc -500

PC=00000001 	 SP=0000270f 	 A=fffffee7 	 B=00000000 adc 1

PC=00000000 	 SP=0000270f 	 A=fffffee7 	 B=00000000 ldc -500

PC=00000001 	 SP=0000270f 	 A=fffffee8 	 B=00000000 adc 1

PC=00000000 	 SP=0000270f 	 A=fffffee8 	 B=00000000 ldc -500

PC=00000001 	 SP=0000270f 	 A=fffffee9 	 B=00000000 adc 1

PC=00000000 	 SP=0000270f 	 A=fffffee9 	 B=00000000 ldc -500

PC=00000001 	 SP=0000270f 	 A=fffffeea 	 B=00000000 adc 1

PC=00000000 	 SP=0000270f 	 A=fffffeea 	 B=00000000 ldc -500

PC=00000001 	 SP=0000270f 	 A=fffffeeb 	 B=00000000 adc 1

PC=00000000 	 SP=0000270f 	 A=fffffeeb 	 B=00000000 ldc -500

PC=00000001 	 SP=0000270f 	 A=fffffeec 	 B=00000000 adc 1

PC=00000000 	 SP=0000270f 	 A=fffffeec 	 B=00000000 ldc -500

PC=00000001 	 SP=0000270f 	 A=fffffeed 	 B=00000000 adc 1

PC=00000000 	 SP=0000270f 	 A=fffffeed 	 B=00000000 ldc -500

PC=00000001 	 SP=0000270f 	 A=fffffeee 	 B=00000000 adc 1

PC=00000000 	 SP=0000270f 	 A=fffffeee 	 B=00000000 ldc -500

PC=00000001 	 SP=0000270f 	 A=fffffeef 	 B=00000000 adc 1

PC=00000000 	 SP=0000270f 	 A=fffffeef 	 B=00000000 ldc -500

PC=00000001 	 SP=0000270f 	 A=fffffef0 	 B=00000000 adc 1

PC=00000000 	 SP=0000270f 	 A=fffffef0 	 B=00000000 ldc -500

PC=00000001 	 SP=0000270f 	 A=fffffef1 	 B=00000000 adc 1

PC=00000000 	 SP=0000270f 	 A=fffffef1 	 B=00000000 ldc -500

PC=00000001 	 SP=0000270f 	 A=fffffef2 	 B=00000000 adc 1

PC=00000000 	 SP=0000270f 	 A=fffffef2 	 B=00000000 ldc -500

PC=00000001 	 SP=0000270f 	 A=fffffef3 	 B=00000000 adc 1

PC=00000000 	 SP=0000270f 	 A=fffffef3 	 B=00000000 ldc -500

PC=00000001 	 SP=0000270f 	 A=fffffef4 	 B=00000000 adc 1

PC=00000000 	 SP=0000270f 	 A=fffffef4 	 B=00000000 ldc -500

PC=00000001 	 SP=0000270f 	 A=fffffef5 	 B=00000000 adc 1

PC=00000000 	 SP=0000270f 	 A=fffffef5 	 B=00000000 ldc -500

PC=00000001 	 SP=0000270f 	 A=fffffef6 	 B=00000000 adc 1

PC=00000000 	 SP=0000270f 	 A=fffffef6 	 B=00000000 ldc -500

PC=00000001 	 SP=0000270f 	 A=fffffef7 	 B=00000000 adc 1

PC=00000000 	 SP=0000270f 	 A=fffffef7 	 B=00000000 ldc -500

PC=00000001 	 SP=0000270f 	 A=fffffef8 	 B=00000000 adc 1

PC=00000000 	 SP=0000270f 	 A=fffffef8 	 B=00000000 ldc -500

PC=00000001 	 SP=0000270f 	 A=fffffef9 	 B=00000000 adc 1

PC=00000000 	 SP=0000270f 	 A=fffffef9 	 B=00000000 ldc -500

PC=00000001 	 SP=0000270f 	 A=fffffefa 	 B=00000000 adc 1

PC=00000000 	 SP=0000270f 	 A=fffffefa 	 B=00000000 ldc -500

PC=00000001 	 SP=0000270f 	 A=fffffefb 	 B=00000000 adc 1

PC=00000000 	 SP=0000270f 	 A=fffffefb 	 B=00000000 ldc -500

PC=00000001 	 SP=0000270f 	 A=fffffefc 	 B=00000000 adc 1

PC=00000000 	 SP=0000270f 	 A=fffffefc 	 B=00000000 ldc -500

PC=00000001 	 SP=0000270f 	 A=fffffefd 	 B=00000000 adc 1

PC=00000000 	 SP=0000270f 	 A=fffffefd 	 B=00000000 ldc -500

PC=00000001 	 SP=0000270f 	 A=fffffefe 	 B=00000000 adc 1

PC=00000000 	 SP=0000270f 	 A=fffffefe 	 B=00000000 ldc -500

PC=00000001 	 SP=0000270f 	 A=fffffeff 	 B=00000000 adc 1

PC=00000000 	 SP=0000270f 	 A=fffffeff 	 B=00000000 ldc -500

PC=00000001 	 SP=0000270f 	 A=ffffff00 	 B=00000000 adc 1

PC=00000000 	 SP=0000270f 	 A=ffffff00 	 B=00000000 ldc -500

PC=00000001 	 SP=0000270f 	 A=ffffff01 	 B=00000000 adc 1

PC=00000000 	 SP=0000270f 	 A=ffffff01 	 B=00000000 ldc -500

PC=00000001 	 SP=0000270f 	 A=ffffff02 	 B=00000000 adc 1

PC=00000000 	 SP=0000270f 	 A=ffffff02 	 B=00000000 ldc -500

PC=00000001 	 SP=0000270f 	 A=ffffff03 	 B=00000000 adc 1

PC=00000000 	 SP=0000270f 	 A=ffffff03 	 B=00000000 ldc -500

PC=00000001 	 SP=0000270f 	 A=ffffff04 	 B=00000000 adc 1

PC=00000000 	 SP=0000270f 	 A=ffffff04 	 B=00000000 ldc -500

PC=00000001 	 SP=0000270f 	 A=ffffff05 	 B=00000000 adc 1

PC=00000000 	 SP=0000270f 	 A=ffffff05 	 B=00000000 ldc -500

PC=00000001 	 SP=0000270f 	 A=ffffff06 	 B=00000000 adc 1

PC=00000000 	 SP=0000270f 	 A=ffffff06 	 B=00000000 ldc -500

PC=00000001 	 SP=0000270f 	 A=ffffff07 	 B=00000000 adc 1

PC=00000000 	 SP=0000270f 	 A=ffffff07 	 B=00000000 ldc -500

PC=00000001 	 SP=0000270f 	 A=ffffff08 	 B=00000000 adc 1

PC=00000000 	 SP=0000270f 	 A=ffffff08 	 B=00000000 ldc -500

PC=00000001 	 SP=0000270f 	 A=ffffff09 	 B=00000000 adc 1

PC=00000000 	 SP=0000270f 	 A=ffffff09 	 B=00000000 ldc -500

PC=00000001 	 SP=0000270f 	 A=ffffff0a 	 B=00000000 adc 1

PC=00000000 	 SP=0000270f 	 A=ffffff0a 	 B=00000000 ldc -500

PC=00000001 	 SP=0000270f 	 A=ffffff0b 	 B=00000000 adc 1

PC=00000000 	 SP=0000270f 	 A=ffffff0b 	 B=00000000 ldc -500

PC=00000001 	 SP=0000270f 	 A=ffffff0c 	 B=00000000 adc 1

PC=00000000 	 SP=0000270f 	 A=ffffff0c 	 B=00000000 ldc -500

PC=00000001 	 SP=0000270f 	 A=ffffff0d 	 B=00000000 adc 1

PC=00000000 	 SP=0000270f 	 A=ffffff0d 	 B=00000000 ldc -500

PC=00000001 	 SP=0000270f 	 A=ffffff0e 	 B=00000000 adc 1

PC=00000000 	 SP=0000270f 	 A=ffffff0e 	 B=00000000 ldc -500

PC=00000001 	 SP=0000270f 	 A=ffffff0f 	 B=00000000 adc 1

PC=00000000 	 SP=0000270f 	 A=ffffff0f 	 B=00000000 ldc -500

PC=00000001 	 SP=0000270f 	 A=ffffff10 	 B=00000000 adc 1

PC=00000000 	 SP=0000270f 	 A=ffffff10 	 B=00000000 ldc -500

PC=00000001 	 SP=0000270f 	 A=ffffff11 	 B=00000000 adc 1

PC=00000000 	 SP=0000270f 	 A=ffffff11 	 B=00000000 ldc -500

PC=00000001 	 SP=0000270f 	 A=ffffff12 	 B=00000000 adc 1

PC=00000000 	 SP=0000270f 	 A=ffffff12 	 B=00000000 ldc -500

PC=00000001 	 SP=0000270f 	 A=ffffff13 	 B=00000000 adc 1

PC=00000000 	 SP=0000270f 	 A=ffffff13 	 B=00000000 ldc -500

PC=00000001 	 SP=0000270f 	 A=ffffff14 	 B=00000000 adc 1

PC=00000000 	 SP=0000270f 	 A=ffffff14 	 B=00000000 ldc -500

PC=00000001 	 SP=0000270f 	 A=ffffff15 	 B=00000000 adc 1

PC=00000000 	 SP=0000270f 	 A=ffffff15 	 B=00000000 ldc -500

PC=00000001 	 SP=0000270f 	 A=ffffff16 	 B=00000000 adc 1

PC=00000000 	 SP=0000270f 	 A=ffffff16 	 B=00000000 ldc -500

PC=00000001 	 SP=0000270f 	 A=ffffff17 	 B=00000000 adc 1

PC=00000000 	 SP=0000270f 	 A=ffffff17 	 B=00000000 ldc -500

PC=00000001 	 SP=0000270f 	 A=ffffff18 	 B=00000000 adc 1

PC=00000000 	 SP=0000270f 	 A=ffffff18 	 B=00000000 ldc -500

PC=00000001 	 SP=0000270f 	 A=ffffff19 	 B=00000000 adc 1

PC=00000000 	 SP=0000270f 	 A=ffffff19 	 B=00000000 ldc -500

PC=00000001 	 SP=0000270f 	 A=ffffff1a 	 B=00000000 adc 1

PC=00000000 	 SP=0000270f 	 A=ffffff1a 	 B=00000000 ldc -500

PC=00000001 	 SP=0000270f 	 A=ffffff1b 	 B=00000000 adc 1

PC=00000000 	 SP=0000270f 	 A=ffffff1b 	 B=00000000 ldc -500

PC=00000001 	 SP=0000270f 	 A=ffffff1c 	 B=00000000 adc 1

PC=00000000 	 SP=0000270f 	 A=ffffff1c 	 B=00000000 ldc -500

PC=00000001 	 SP=0000270f 	 A=ffffff1d 	 B=00000000 adc 1

PC=00000000 	 SP=0000270f 	 A=ffffff1d 	 B=00000000 ldc -500

PC=00000001 	 SP=0000270f 	 A=ffffff1e 	 B=00000000 adc 1

PC=00000000 	 SP=0000270f 	 A=ffffff1e 	 B=00000000 ldc -500

PC=00000001 	 SP=0000270f 	 A=ffffff1f 	 B=00000000 adc 1

PC=00000000 	 SP=0000270f 	 A=ffffff1f 	 B=00000000 ldc -500

PC=00000001 	 SP=0000270f 	 A=ffffff20 	 B=00000000 adc 1

PC=00000000 	 SP=0000270f 	 A=ffffff20 	 B=00000000 ldc -500

PC=00000001 	 SP=0000270f 	 A=ffffff21 	 B=00000000 adc 1

PC=00000000 	 SP=0000270f 	 A=ffffff21 	 B=00000000 ldc -500

PC=00000001 	 SP=0000270f 	 A=ffffff22 	 B=00000000 adc 1

PC=00000000 	 SP=0000270f 	 A=ffffff22 	 B=00000000 ldc -500

PC=00000001 	 SP=0000270f 	 A=ffffff23 	 B=00000000 adc 1

PC=00000000 	 SP=0000270f 	 A=ffffff23 	 B=00000000 ldc -500

PC=00000001 	 SP=0000270f 	 A=ffffff24 	 B=00000000 adc 1

PC=00000000 	 SP=0000270f 	 A=ffffff24 	 B=00000000 ldc -500

PC=00000001 	 SP=0000270f 	 A=ffffff25 	 B=00000000 adc 1

PC=00000000 	 SP=0000270f 	 A=ffffff25 	 B=00000000 ldc -500

PC=00000001 	 SP=0000270f 	 A=ffffff26 	 B=00000000 adc 1

PC=00000000 	 SP=0000270f 	 A=ffffff26 	 B=00000000 ldc -500

PC=00000001 	 SP=0000270f 	 A=ffffff27 	 B=00000000 adc 1

PC=00000000 	 SP=0000270f 	 A=ffffff27 	 B=00000000 ldc -500

PC=00000001 	 SP=0000270f 	 A=ffffff28 	 B=00000000 adc 1

PC=00000000 	 SP=0000270f 	 A=ffffff28 	 B=00000000 ldc -500

PC=00000001 	 SP=0000270f 	 A=ffffff29 	 B=00000000 adc 1

PC=00000000 	 SP=0000270f 	 A=ffffff29 	 B=00000000 ldc -500

PC=00000001 	 SP=0000270f 	 A=ffffff2a 	 B=00000000 adc 1

PC=00000000 	 SP=0000270f 	 A=ffffff2a 	 B=00000000 ldc -500

PC=00000001 	 SP=0000270f 	 A=ffffff2b 	 B=00000000 adc 1

PC=00000000 	 SP=0000270f 	 A=ffffff2b 	 B=00000000 ldc -500

PC=00000001 	 SP=0000270f 	 A=ffffff2c 	 B=00000000 adc 1

PC=00000000 	 SP=0000270f 	 A=ffffff2c 	 B=00000000 ldc -500

PC=00000001 	 SP=0000270f 	 A=ffffff2d 	 B=00000000 adc 1

PC=00000000 	 SP=0000270f 	 A=ffffff2d 	 B=00000000 ldc -500

PC=00000001 	 SP=0000270f 	 A=ffffff2e 	 B=00000000 adc 1

PC=00000000 	 SP=0000270f 	 A=ffffff2e 	 B=00000000 ldc -500

PC=00000001 	 SP=0000270f 	 A=ffffff2f 	 B=00000000 adc 1

PC=00000000 	 SP=0000270f 	 A=ffffff2f 	 B=00000000 ldc -500

PC=00000001 	 SP=0000270f 	 A=ffffff30 	 B=00000000 adc 1

PC=00000000 	 SP=0000270f 	 A=ffffff30 	 B=00000000 ldc -500

PC=00000001 	 SP=0000270f 	 A=ffffff31 	 B=00000000 adc 1

PC=00000000 	 SP=0000270f 	 A=ffffff31 	 B=00000000 ldc -500

PC=00000001 	 SP=0000270f 	 A=ffffff32 	 B=00000000 adc 1

PC=00000000 	 SP=0000270f 	 A=ffffff32 	 B=00000000 ldc -500

PC=00000001 	 SP=0000270f 	 A=ffffff33 	 B=00000000 adc 1

PC=00000000 	 SP=0000270f 	 A=ffffff33 	 B=00000000 ldc -500

PC=00000001 	 SP=0000270f 	 A=ffffff34 	 B=00000000 adc 1

PC=00000000 	 SP=0000270f 	 A=ffffff34 	 B=00000000 ldc -500

PC=00000001 	 SP=0000270f 	 A=ffffff35 	 B=00000000 adc 1

PC=00000000 	 SP=0000270f 	 A=ffffff35 	 B=00000000 ldc -500

PC=00000001 	 SP=0000270f 	 A=ffffff36 	 B=00000000 adc 1

PC=00000000 	 SP=0000270f 	 A=ffffff36 	 B=00000000 ldc -500

PC=00000001 	 SP=0000270f 	 A=ffffff37 	 B=00000000 adc 1

PC=00000000 	 SP=0000270f 	 A=ffffff37 	 B=00000000 ldc -500

PC=00000001 	 SP=0000270f 	 A=ffffff38 	 B=00000000 adc 1

PC=00000000 	 SP=0000270f 	 A=ffffff38 	 B=00000000 ldc -500

PC=00000001 	 SP=0000270f 	 A=ffffff39 	 B=00000000 adc 1

PC=00000000 	 SP=0000270f 	 A=ffffff39 	 B=00000000 ldc -500

PC=00000001 	 SP=0000270f 	 A=ffffff3a 	 B=00000000 adc 1

PC=00000000 	 SP=0000270f 	 A=ffffff3a 	 B=00000000 ldc -500

PC=00000001 	 SP=0000270f 	 A=ffffff3b 	 B=00000000 adc 1

PC=00000000 	 SP=0000270f 	 A=ffffff3b 	 B=00000000 ldc -500

PC=00000001 	 SP=0000270f 	 A=ffffff3c 	 B=00000000 adc 1

PC=00000000 	 SP=0000270f 	 A=ffffff3c 	 B=00000000 ldc -500

PC=00000001 	 SP=0000270f 	 A=ffffff3d 	 B=00000000 adc 1

PC=00000000 	 SP=0000270f 	 A=ffffff3d 	 B=00000000 ldc -500

PC=00000001 	 SP=0000270f 	 A=ffffff3e 	 B=00000000 adc 1

PC=00000000 	 SP=0000270f 	 A=ffffff3e 	 B=00000000 ldc -500

PC=00000001 	 SP=0000270f 	 A=ffffff3f 	 B=00000000 adc 1

PC=00000000 	 SP=0000270f 	 A=ffffff3f 	 B=00000000 ldc -500

PC=00000001 	 SP=0000270f 	 A=ffffff40 	 B=00000000 adc 1

PC=00000000 	 SP=0000270f 	 A=ffffff40 	 B=00000000 ldc -500

PC=00000001 	 SP=0000270f 	 A=ffffff41 	 B=00000000 adc 1

PC=00000000 	 SP=0000270f 	 A=ffffff41 	 B=00000000 ldc -500

PC=00000001 	 SP=0000270f 	 A=ffffff42 	 B=00000000 adc 1

PC=00000000 	 SP=0000270f 	 A=ffffff42 	 B=00000000 ldc -500

PC=00000001 	 SP=0000270f 	 A=ffffff43 	 B=00000000 adc 1

PC=00000000 	 SP=0000270f 	 A=ffffff43 	 B=00000000 ldc -500

PC=00000001 	 SP=0000270f 	 A=ffffff44 	 B=00000000 adc 1

PC=00000000 	 SP=0000270f 	 A=ffffff44 	 B=00000000 ldc -500

PC=00000001 	 SP=0000270f 	 A=ffffff45 	 B=00000000 adc 1

PC=00000000 	 SP=0000270f 	 A=ffffff45 	 B=00000000 ldc -500

PC=00000001 	 SP=0000270f 	 A=ffffff46 	 B=00000000 adc 1

PC=00000000 	 SP=0000270f 	 A=ffffff46 	 B=00000000 ldc -500

PC=00000001 	 SP=0000270f 	 A=ffffff47 	 B=00000000 adc 1

PC=00000000 	 SP=0000270f 	 A=ffffff47 	 B=00000000 ldc -500

PC=00000001 	 SP=0000270f 	 A=ffffff48 	 B=00000000 adc 1

PC=00000000 	 SP=0000270f 	 A=ffffff48 	 B=00000000 ldc -500

PC=00000001 	 SP=0000270f 	 A=ffffff49 	 B=00000000 adc 1

PC=00000000 	 SP=0000270f 	 A=ffffff49 	 B=00000000 ldc -500

PC=00000001 	 SP=0000270f 	 A=ffffff4a 	 B=00000000 adc 1

PC=00000000 	 SP=0000270f 	 A=ffffff4a 	 B=00000000 ldc -500

PC=00000001 	 SP=0000270f 	 A=ffffff4b 	 B=00000000 adc 1

PC=00000000 	 SP=0000270f 	 A=ffffff4b 	 B=00000000 ldc -500

PC=00000001 	 SP=0000270f 	 A=ffffff4c 	 B=00000000 adc 1

PC=00000000 	 SP=0000270f 	 A=ffffff4c 	 B=00000000 ldc -500

PC=00000001 	 SP=0000270f 	 A=ffffff4d 	 B=00000000 adc 1

PC=00000000 	 SP=0000270f 	 A=ffffff4d 	 B=00000000 ldc -500

PC=00000001 	 SP=0000270f 	 A=ffffff4e 	 B=00000000 adc 1

PC=00000000 	 SP=0000270f 	 A=ffffff4e 	 B=00000000 ldc -500

PC=00000001 	 SP=0000270f 	 A=ffffff4f 	 B=00000000 adc 1

PC=00000000 	 SP=0000270f 	 A=ffffff4f 	 B=00000000 ldc -500

PC=00000001 	 SP=0000270f 	 A=ffffff50 	 B=00000000 adc 1

PC=00000000 	 SP=0000270f 	 A=ffffff50 	 B=00000000 ldc -500

PC=00000001 	 SP=0000270f 	 A=ffffff51 	 B=00000000 adc 1

PC=00000000 	 SP=0000270f 	 A=ffffff51 	 B=00000000 ldc -500

PC=00000001 	 SP=0000270f 	 A=ffffff52 	 B=00000000 adc 1

PC=00000000 	 SP=0000270f 	 A=ffffff52 	 B=00000000 ldc -500

PC=00000001 	 SP=0000270f 	 A=ffffff53 	 B=00000000 adc 1

PC=00000000 	 SP=0000270f 	 A=ffffff53 	 B=00000000 ldc -500

PC=00000001 	 SP=0000270f 	 A=ffffff54 	 B=00000000 adc 1

PC=00000000 	 SP=0000270f 	 A=ffffff54 	 B=00000000 ldc -500

PC=00000001 	 SP=0000270f 	 A=ffffff55 	 B=00000000 adc 1

PC=00000000 	 SP=0000270f 	 A=ffffff55 	 B=00000000 ldc -500

PC=00000001 	 SP=0000270f 	 A=ffffff56 	 B=00000000 adc 1

PC=00000000 	 SP=0000270f 	 A=ffffff56 	 B=00000000 ldc -500

PC=00000001 	 SP=0000270f 	 A=ffffff57 	 B=00000000 adc 1

PC=00000000 	 SP=0000270f 	 A=ffffff57 	 B=00000000 ldc -500

PC=00000001 	 SP=0000270f 	 A=ffffff58 	 B=00000000 adc 1

PC=00000000 	 SP=0000270f 	 A=ffffff58 	 B=00000000 ldc -500

PC=00000001 	 SP=0000270f 	 A=ffffff59 	 B=00000000 adc 1

PC=00000000 	 SP=0000270f 	 A=ffffff59 	 B=00000000 ldc -500

PC=00000001 	 SP=0000270f 	 A=ffffff5a 	 B=00000000 adc 1

PC=00000000 	 SP=0000270f 	 A=ffffff5a 	 B=00000000 ldc -500

PC=00000001 	 SP=0000270f 	 A=ffffff5b 	 B=00000000 adc 1

PC=00000000 	 SP=0000270f 	 A=ffffff5b 	 B=00000000 ldc -500

PC=00000001 	 SP=0000270f 	 A=ffffff5c 	 B=00000000 adc 1

PC=00000000 	 SP=0000270f 	 A=ffffff5c 	 B=00000000 ldc -500

PC=00000001 	 SP=0000270f 	 A=ffffff5d 	 B=00000000 adc 1

PC=00000000 	 SP=0000270f 	 A=ffffff5d 	 B=00000000 ldc -500

PC=00000001 	 SP=0000270f 	 A=ffffff5e 	 B=00000000 adc 1

PC=00000000 	 SP=0000270f 	 A=ffffff5e 	 B=00000000 ldc -500

PC=00000001 	 SP=0000270f 	 A=ffffff5f 	 B=00000000 adc 1

PC=00000000 	 SP=0000270f 	 A=ffffff5f 	 B=00000000 ldc -500

PC=00000001 	 SP=0000270f 	 A=ffffff60 	 B=00000000 adc 1

PC=00000000 	 SP=0000270f 	 A=ffffff60 	 B=00000000 ldc -500

PC=00000001 	 SP=0000270f 	 A=ffffff61 	 B=00000000 adc 1

PC=00000000 	 SP=0000270f 	 A=ffffff61 	 B=00000000 ldc -500

PC=00000001 	 SP=0000270f 	 A=ffffff62 	 B=00000000 adc 1

PC=00000000 	 SP=0000270f 	 A=ffffff62 	 B=00000000 ldc -500

PC=00000001 	 SP=0000270f 	 A=ffffff63 	 B=00000000 adc 1

PC=00000000 	 SP=0000270f 	 A=ffffff63 	 B=00000000 ldc -500

PC=00000001 	 SP=0000270f 	 A=ffffff64 	 B=00000000 adc 1

PC=00000000 	 SP=0000270f 	 A=ffffff64 	 B=00000000 ldc -500

PC=00000001 	 SP=0000270f 	 A=ffffff65 	 B=00000000 adc 1

PC=00000000 	 SP=0000270f 	 A=ffffff65 	 B=00000000 ldc -500

PC=00000001 	 SP=0000270f 	 A=ffffff66 	 B=00000000 adc 1

PC=00000000 	 SP=0000270f 	 A=ffffff66 	 B=00000000 ldc -500

PC=00000001 	 SP=0000270f 	 A=ffffff67 	 B=00000000 adc 1

PC=00000000 	 SP=0000270f 	 A=ffffff67 	 B=00000000 ldc -500

PC=00000001 	 SP=0000270f 	 A=ffffff68 	 B=00000000 adc 1

PC=00000000 	 SP=0000270f 	 A=ffffff68 	 B=00000000 ldc -500

PC=00000001 	 SP=0000270f 	 A=ffffff69 	 B=00000000 adc 1

PC=00000000 	 SP=0000270f 	 A=ffffff69 	 B=00000000 ldc -500

PC=00000001 	 SP=0000270f 	 A=ffffff6a 	 B=00000000 adc 1

PC=00000000 	 SP=0000270f 	 A=ffffff6a 	 B=00000000 ldc -500

PC=00000001 	 SP=0000270f 	 A=ffffff6b 	 B=00000000 adc 1

PC=00000000 	 SP=0000270f 	 A=ffffff6b 	 B=00000000 ldc -500

PC=00000001 	 SP=0000270f 	 A=ffffff6c 	 B=00000000 adc 1

PC=00000000 	 SP=0000270f 	 A=ffffff6c 	 B=00000000 ldc -500

PC=00000001 	 SP=0000270f 	 A=ffffff6d 	 B=00000000 adc 1

PC=00000000 	 SP=0000270f 	 A=ffffff6d 	 B=00000000 ldc -500

PC=00000001 	 SP=0000270f 	 A=ffffff6e 	 B=00000000 adc 1

PC=00000000 	 SP=0000270f 	 A=ffffff6e 	 B=00000000 ldc -500

PC=00000001 	 SP=0000270f 	 A=ffffff6f 	 B=00000000 adc 1

PC=00000000 	 SP=0000270f 	 A=ffffff6f 	 B=00000000 ldc -500

PC=00000001 	 SP=0000270f 	 A=ffffff70 	 B=00000000 adc 1

PC=00000000 	 SP=0000270f 	 A=ffffff70 	 B=00000000 ldc -500

PC=00000001 	 SP=0000270f 	 A=ffffff71 	 B=00000000 adc 1

PC=00000000 	 SP=0000270f 	 A=ffffff71 	 B=00000000 ldc -500

PC=00000001 	 SP=0000270f 	 A=ffffff72 	 B=00000000 adc 1

PC=00000000 	 SP=0000270f 	 A=ffffff72 	 B=00000000 ldc -500

PC=00000001 	 SP=0000270f 	 A=ffffff73 	 B=00000000 adc 1

PC=00000000 	 SP=0000270f 	 A=ffffff73 	 B=00000000 ldc -500

PC=00000001 	 SP=0000270f 	 A=ffffff74 	 B=00000000 adc 1

PC=00000000 	 SP=0000270f 	 A=ffffff74 	 B=00000000 ldc -500

PC=00000001 	 SP=0000270f 	 A=ffffff75 	 B=00000000 adc 1

PC=00000000 	 SP=0000270f 	 A=ffffff75 	 B=00000000 ldc -500

PC=00000001 	 SP=0000270f 	 A=ffffff76 	 B=00000000 adc 1

PC=00000000 	 SP=0000270f 	 A=ffffff76 	 B=00000000 ldc -500

PC=00000001 	 SP=0000270f 	 A=ffffff77 	 B=00000000 adc 1

PC=00000000 	 SP=0000270f 	 A=ffffff77 	 B=00000000 ldc -500

PC=00000001 	 SP=0000270f 	 A=ffffff78 	 B=00000000 adc 1

PC=00000000 	 SP=0000270f 	 A=ffffff78 	 B=00000000 ldc -500

PC=00000001 	 SP=0000270f 	 A=ffffff79 	 B=00000000 adc 1

PC=00000000 	 SP=0000270f 	 A=ffffff79 	 B=00000000 ldc -500

PC=00000001 	 SP=0000270f 	 A=ffffff7a 	 B=00000000 adc 1

PC=00000000 	 SP=0000270f 	 A=ffffff7a 	 B=00000000 ldc -500

PC=00000001 	 SP=0000270f 	 A=ffffff7b 	 B=00000000 adc 1

PC=00000000 	 SP=0000270f 	 A=ffffff7b 	 B=00000000 ldc -500

PC=00000001 	 SP=0000270f 	 A=ffffff7c 	 B=00000000 adc 1

PC=00000000 	 SP=0000270f 	 A=ffffff7c 	 B=00000000 ldc -500

PC=00000001 	 SP=0000270f 	 A=ffffff7d 	 B=00000000 adc 1

PC=00000000 	 SP=0000270f 	 A=ffffff7d 	 B=00000000 ldc -500

PC=00000001 	 SP=0000270f 	 A=ffffff7e 	 B=00000000 adc 1

PC=00000000 	 SP=0000270f 	 A=ffffff7e 	 B=00000000 ldc -500

PC=00000001 	 SP=0000270f 	 A=ffffff7f 	 B=00000000 adc 1

PC=00000000 	 SP=0000270f 	 A=ffffff7f 	 B=00000000 ldc -500

PC=00000001 	 SP=0000270f 	 A=ffffff80 	 B=00000000 adc 1

PC=00000000 	 SP=0000270f 	 A=ffffff80 	 B=00000000 ldc -500

PC=00000001 	 SP=0000270f 	 A=ffffff81 	 B=00000000 adc 1

PC=00000000 	 SP=0000270f 	 A=ffffff81 	 B=00000000 ldc -500

PC=00000001 	 SP=0000270f 	 A=ffffff82 	 B=00000000 adc 1

PC=00000000 	 SP=0000270f 	 A=ffffff82 	 B=00000000 ldc -500

PC=00000001 	 SP=0000270f 	 A=ffffff83 	 B=00000000 adc 1

PC=00000000 	 SP=0000270f 	 A=ffffff83 	 B=00000000 ldc -500

PC=00000001 	 SP=0000270f 	 A=ffffff84 	 B=00000000 adc 1

PC=00000000 	 SP=0000270f 	 A=ffffff84 	 B=00000000 ldc -500

PC=00000001 	 SP=0000270f 	 A=ffffff85 	 B=00000000 adc 1

PC=00000000 	 SP=0000270f 	 A=ffffff85 	 B=00000000 ldc -500

PC=00000001 	 SP=0000270f 	 A=ffffff86 	 B=00000000 adc 1

PC=00000000 	 SP=0000270f 	 A=ffffff86 	 B=00000000 ldc -500

PC=00000001 	 SP=0000270f 	 A=ffffff87 	 B=00000000 adc 1

PC=00000000 	 SP=0000270f 	 A=ffffff87 	 B=00000000 ldc -500

PC=00000001 	 SP=0000270f 	 A=ffffff88 	 B=00000000 adc 1

PC=00000000 	 SP=0000270f 	 A=ffffff88 	 B=00000000 ldc -500

PC=00000001 	 SP=0000270f 	 A=ffffff89 	 B=00000000 adc 1

PC=00000000 	 SP=0000270f 	 A=ffffff89 	 B=00000000 ldc -500

PC=00000001 	 SP=0000270f 	 A=ffffff8a 	 B=00000000 adc 1

PC=00000000 	 SP=0000270f 	 A=ffffff8a 	 B=00000000 ldc -500

PC=00000001 	 SP=0000270f 	 A=ffffff8b 	 B=00000000 adc 1

PC=00000000 	 SP=0000270f 	 A=ffffff8b 	 B=00000000 ldc -500

PC=00000001 	 SP=0000270f 	 A=ffffff8c 	 B=00000000 adc 1

PC=00000000 	 SP=0000270f 	 A=ffffff8c 	 B=00000000 ldc -500

PC=00000001 	 SP=0000270f 	 A=ffffff8d 	 B=00000000 adc 1

PC=00000000 	 SP=0000270f 	 A=ffffff8d 	 B=00000000 ldc -500

PC=00000001 	 SP=0000270f 	 A=ffffff8e 	 B=00000000 adc 1

PC=00000000 	 SP=0000270f 	 A=ffffff8e 	 B=00000000 ldc -500

PC=00000001 	 SP=0000270f 	 A=ffffff8f 	 B=00000000 adc 1

PC=00000000 	 SP=0000270f 	 A=ffffff8f 	 B=00000000 ldc -500

PC=00000001 	 SP=0000270f 	 A=ffffff90 	 B=00000000 adc 1

PC=00000000 	 SP=0000270f 	 A=ffffff90 	 B=00000000 ldc -500

PC=00000001 	 SP=0000270f 	 A=ffffff91 	 B=00000000 adc 1

PC=00000000 	 SP=0000270f 	 A=ffffff91 	 B=00000000 ldc -500

PC=00000001 	 SP=0000270f 	 A=ffffff92 	 B=00000000 adc 1

PC=00000000 	 SP=0000270f 	 A=ffffff92 	 B=00000000 ldc -500

PC=00000001 	 SP=0000270f 	 A=ffffff93 	 B=00000000 adc 1

PC=00000000 	 SP=0000270f 	 A=ffffff93 	 B=00000000 ldc -500

PC=00000001 	 SP=0000270f 	 A=ffffff94 	 B=00000000 adc 1

PC=00000000 	 SP=0000270f 	 A=ffffff94 	 B=00000000 ldc -500

PC=00000001 	 SP=0000270f 	 A=ffffff95 	 B=00000000 adc 1

PC=00000000 	 SP=0000270f 	 A=ffffff95 	 B=00000000 ldc -500

PC=00000001 	 SP=0000270f 	 A=ffffff96 	 B=00000000 adc 1

PC=00000000 	 SP=0000270f 	 A=ffffff96 	 B=00000000 ldc -500

PC=00000001 	 SP=0000270f 	 A=ffffff97 	 B=00000000 adc 1

PC=00000000 	 SP=0000270f 	 A=ffffff97 	 B=00000000 ldc -500

PC=00000001 	 SP=0000270f 	 A=ffffff98 	 B=00000000 adc 1

PC=00000000 	 SP=0000270f 	 A=ffffff98 	 B=00000000 ldc -500

PC=00000001 	 SP=0000270f 	 A=ffffff99 	 B=00000000 adc 1

PC=00000000 	 SP=0000270f 	 A=ffffff99 	 B=00000000 ldc -500

PC=00000001 	 SP=0000270f 	 A=ffffff9a 	 B=00000000 adc 1

PC=00000000 	 SP=0000270f 	 A=ffffff9a 	 B=00000000 ldc -500

PC=00000001 	 SP=0000270f 	 A=ffffff9b 	 B=00000000 adc 1

PC=00000000 	 SP=0000270f 	 A=ffffff9b 	 B=00000000 ldc -500

PC=00000001 	 SP=0000270f 	 A=ffffff9c 	 B=00000000 adc 1

PC=00000000 	 SP=0000270f 	 A=ffffff9c 	 B=00000000 ldc -500

PC=00000001 	 SP=0000270f 	 A=ffffff9d 	 B=00000000 adc 1

PC=00000000 	 SP=0000270f 	 A=ffffff9d 	 B=00000000 ldc -500

PC=00000001 	 SP=0000270f 	 A=ffffff9e 	 B=00000000 adc 1

PC=00000000 	 SP=0000270f 	 A=ffffff9e 	 B=00000000 ldc -500

PC=00000001 	 SP=0000270f 	 A=ffffff9f 	 B=00000000 adc 1

PC=00000000 	 SP=0000270f 	 A=ffffff9f 	 B=00000000 ldc -500

PC=00000001 	 SP=0000270f 	 A=ffffffa0 	 B=00000000 adc 1

PC=00000000 	 SP=0000270f 	 A=ffffffa0 	 B=00000000 ldc -500

PC=00000001 	 SP=0000270f 	 A=ffffffa1 	 B=00000000 adc 1

PC=00000000 	 SP=0000270f 	 A=ffffffa1 	 B=00000000 ldc -500

PC=00000001 	 SP=0000270f 	 A=ffffffa2 	 B=00000000 adc 1

PC=00000000 	 SP=0000270f 	 A=ffffffa2 	 B=00000000 ldc -500

PC=00000001 	 SP=0000270f 	 A=ffffffa3 	 B=00000000 adc 1

PC=00000000 	 SP=0000270f 	 A=ffffffa3 	 B=00000000 ldc -500

PC=00000001 	 SP=0000270f 	 A=ffffffa4 	 B=00000000 adc 1

PC=00000000 	 SP=0000270f 	 A=ffffffa4 	 B=00000000 ldc -500

PC=00000001 	 SP=0000270f 	 A=ffffffa5 	 B=00000000 adc 1

PC=00000000 	 SP=0000270f 	 A=ffffffa5 	 B=00000000 ldc -500

PC=00000001 	 SP=0000270f 	 A=ffffffa6 	 B=00000000 adc 1

PC=00000000 	 SP=0000270f 	 A=ffffffa6 	 B=00000000 ldc -500

PC=00000001 	 SP=0000270f 	 A=ffffffa7 	 B=00000000 adc 1

PC=00000000 	 SP=0000270f 	 A=ffffffa7 	 B=00000000 ldc -500

PC=00000001 	 SP=0000270f 	 A=ffffffa8 	 B=00000000 adc 1

PC=00000000 	 SP=0000270f 	 A=ffffffa8 	 B=00000000 ldc -500

PC=00000001 	 SP=0000270f 	 A=ffffffa9 	 B=00000000 adc 1

PC=00000000 	 SP=0000270f 	 A=ffffffa9 	 B=00000000 ldc -500

PC=00000001 	 SP=0000270f 	 A=ffffffaa 	 B=00000000 adc 1

PC=00000000 	 SP=0000270f 	 A=ffffffaa 	 B=00000000 ldc -500

PC=00000001 	 SP=0000270f 	 A=ffffffab 	 B=00000000 adc 1

PC=00000000 	 SP=0000270f 	 A=ffffffab 	 B=00000000 ldc -500

PC=00000001 	 SP=0000270f 	 A=ffffffac 	 B=00000000 adc 1

PC=00000000 	 SP=0000270f 	 A=ffffffac 	 B=00000000 ldc -500

PC=00000001 	 SP=0000270f 	 A=ffffffad 	 B=00000000 adc 1

PC=00000000 	 SP=0000270f 	 A=ffffffad 	 B=00000000 ldc -500

PC=00000001 	 SP=0000270f 	 A=ffffffae 	 B=00000000 adc 1

PC=00000000 	 SP=0000270f 	 A=ffffffae 	 B=00000000 ldc -500

PC=00000001 	 SP=0000270f 	 A=ffffffaf 	 B=00000000 adc 1

PC=00000000 	 SP=0000270f 	 A=ffffffaf 	 B=00000000 ldc -500

PC=00000001 	 SP=0000270f 	 A=ffffffb0 	 B=00000000 adc 1

PC=00000000 	 SP=0000270f 	 A=ffffffb0 	 B=00000000 ldc -500

PC=00000001 	 SP=0000270f 	 A=ffffffb1 	 B=00000000 adc 1

PC=00000000 	 SP=0000270f 	 A=ffffffb1 	 B=00000000 ldc -500

PC=00000001 	 SP=0000270f 	 A=ffffffb2 	 B=00000000 adc 1

PC=00000000 	 SP=0000270f 	 A=ffffffb2 	 B=00000000 ldc -500

PC=00000001 	 SP=0000270f 	 A=ffffffb3 	 B=00000000 adc 1

PC=00000000 	 SP=0000270f 	 A=ffffffb3 	 B=00000000 ldc -500

PC=00000001 	 SP=0000270f 	 A=ffffffb4 	 B=00000000 adc 1

PC=00000000 	 SP=0000270f 	 A=ffffffb4 	 B=00000000 ldc -500

PC=00000001 	 SP=0000270f 	 A=ffffffb5 	 B=00000000 adc 1

PC=00000000 	 SP=0000270f 	 A=ffffffb5 	 B=00000000 ldc -500

PC=00000001 	 SP=0000270f 	 A=ffffffb6 	 B=00000000 adc 1

PC=00000000 	 SP=0000270f 	 A=ffffffb6 	 B=00000000 ldc -500

PC=00000001 	 SP=0000270f 	 A=ffffffb7 	 B=00000000 adc 1

PC=00000000 	 SP=0000270f 	 A=ffffffb7 	 B=00000000 ldc -500

PC=00000001 	 SP=0000270f 	 A=ffffffb8 	 B=00000000 adc 1

PC=00000000 	 SP=0000270f 	 A=ffffffb8 	 B=00000000 ldc -500

PC=00000001 	 SP=0000270f 	 A=ffffffb9 	 B=00000000 adc 1

PC=00000000 	 SP=0000270f 	 A=ffffffb9 	 B=00000000 ldc -500

PC=00000001 	 SP=0000270f 	 A=ffffffba 	 B=00000000 adc 1

PC=00000000 	 SP=0000270f 	 A=ffffffba 	 B=00000000 ldc -500

PC=00000001 	 SP=0000270f 	 A=ffffffbb 	 B=00000000 adc 1

PC=00000000 	 SP=0000270f 	 A=ffffffbb 	 B=00000000 ldc -500

PC=00000001 	 SP=0000270f 	 A=ffffffbc 	 B=00000000 adc 1

PC=00000000 	 SP=0000270f 	 A=ffffffbc 	 B=00000000 ldc -500

PC=00000001 	 SP=0000270f 	 A=ffffffbd 	 B=00000000 adc 1

PC=00000000 	 SP=0000270f 	 A=ffffffbd 	 B=00000000 ldc -500

PC=00000001 	 SP=0000270f 	 A=ffffffbe 	 B=00000000 adc 1

PC=00000000 	 SP=0000270f 	 A=ffffffbe 	 B=00000000 ldc -500

PC=00000001 	 SP=0000270f 	 A=ffffffbf 	 B=00000000 adc 1

PC=00000000 	 SP=0000270f 	 A=ffffffbf 	 B=00000000 ldc -500

PC=00000001 	 SP=0000270f 	 A=ffffffc0 	 B=00000000 adc 1

PC=00000000 	 SP=0000270f 	 A=ffffffc0 	 B=00000000 ldc -500

PC=00000001 	 SP=0000270f 	 A=ffffffc1 	 B=00000000 adc 1

PC=00000000 	 SP=0000270f 	 A=ffffffc1 	 B=00000000 ldc -500

PC=00000001 	 SP=0000270f 	 A=ffffffc2 	 B=00000000 adc 1

PC=00000000 	 SP=0000270f 	 A=ffffffc2 	 B=00000000 ldc -500

PC=00000001 	 SP=0000270f 	 A=ffffffc3 	 B=00000000 adc 1

PC=00000000 	 SP=0000270f 	 A=ffffffc3 	 B=00000000 ldc -500

PC=00000001 	 SP=0000270f 	 A=ffffffc4 	 B=00000000 adc 1

PC=00000000 	 SP=0000270f 	 A=ffffffc4 	 B=00000000 ldc -500

PC=00000001 	 SP=0000270f 	 A=ffffffc5 	 B=00000000 adc 1

PC=00000000 	 SP=0000270f 	 A=ffffffc5 	 B=00000000 ldc -500

PC=00000001 	 SP=0000270f 	 A=ffffffc6 	 B=00000000 adc 1

PC=00000000 	 SP=0000270f 	 A=ffffffc6 	 B=00000000 ldc -500

PC=00000001 	 SP=0000270f 	 A=ffffffc7 	 B=00000000 adc 1

PC=00000000 	 SP=0000270f 	 A=ffffffc7 	 B=00000000 ldc -500

PC=00000001 	 SP=0000270f 	 A=ffffffc8 	 B=00000000 adc 1

PC=00000000 	 SP=0000270f 	 A=ffffffc8 	 B=00000000 ldc -500

PC=00000001 	 SP=0000270f 	 A=ffffffc9 	 B=00000000 adc 1

PC=00000000 	 SP=0000270f 	 A=ffffffc9 	 B=00000000 ldc -500

PC=00000001 	 SP=0000270f 	 A=ffffffca 	 B=00000000 adc 1

PC=00000000 	 SP=0000270f 	 A=ffffffca 	 B=00000000 ldc -500

PC=00000001 	 SP=0000270f 	 A=ffffffcb 	 B=00000000 adc 1

PC=00000000 	 SP=0000270f 	 A=ffffffcb 	 B=00000000 ldc -500

PC=00000001 	 SP=0000270f 	 A=ffffffcc 	 B=00000000 adc 1

PC=00000000 	 SP=0000270f 	 A=ffffffcc 	 B=00000000 ldc -500

PC=00000001 	 SP=0000270f 	 A=ffffffcd 	 B=00000000 adc 1

PC=00000000 	 SP=0000270f 	 A=ffffffcd 	 B=00000000 ldc -500

PC=00000001 	 SP=0000270f 	 A=ffffffce 	 B=00000000 adc 1

PC=00000000 	 SP=0000270f 	 A=ffffffce 	 B=00000000 ldc -500

PC=00000001 	 SP=0000270f 	 A=ffffffcf 	 B=00000000 adc 1

PC=00000000 	 SP=0000270f 	 A=ffffffcf 	 B=00000000 ldc -500

PC=00000001 	 SP=0000270f 	 A=ffffffd0 	 B=00000000 adc 1

PC=00000000 	 SP=0000270f 	 A=ffffffd0 	 B=00000000 ldc -500

PC=00000001 	 SP=0000270f 	 A=ffffffd1 	 B=00000000 adc 1

PC=00000000 	 SP=0000270f 	 A=ffffffd1 	 B=00000000 ldc -500

PC=00000001 	 SP=0000270f 	 A=ffffffd2 	 B=00000000 adc 1

PC=00000000 	 SP=0000270f 	 A=ffffffd2 	 B=00000000 ldc -500

PC=00000001 	 SP=0000270f 	 A=ffffffd3 	 B=00000000 adc 1

PC=00000000 	 SP=0000270f 	 A=ffffffd3 	 B=00000000 ldc -500

PC=00000001 	 SP=0000270f 	 A=ffffffd4 	 B=00000000 adc 1

PC=00000000 	 SP=0000270f 	 A=ffffffd4 	 B=00000000 ldc -500

PC=00000001 	 SP=0000270f 	 A=ffffffd5 	 B=00000000 adc 1

PC=00000000 	 SP=0000270f 	 A=ffffffd5 	 B=00000000 ldc -500

PC=00000001 	 SP=0000270f 	 A=ffffffd6 	 B=00000000 adc 1

PC=00000000 	 SP=0000270f 	 A=ffffffd6 	 B=00000000 ldc -500

PC=00000001 	 SP=0000270f 	 A=ffffffd7 	 B=00000000 adc 1

PC=00000000 	 SP=0000270f 	 A=ffffffd7 	 B=00000000 ldc -500

PC=00000001 	 SP=0000270f 	 A=ffffffd8 	 B=00000000 adc 1

PC=00000000 	 SP=0000270f 	 A=ffffffd8 	 B=00000000 ldc -500

PC=00000001 	 SP=0000270f 	 A=ffffffd9 	 B=00000000 adc 1

PC=00000000 	 SP=0000270f 	 A=ffffffd9 	 B=00000000 ldc -500

PC=00000001 	 SP=0000270f 	 A=ffffffda 	 B=00000000 adc 1

PC=00000000 	 SP=0000270f 	 A=ffffffda 	 B=00000000 ldc -500

PC=00000001 	 SP=0000270f 	 A=ffffffdb 	 B=00000000 adc 1

PC=00000000 	 SP=0000270f 	 A=ffffffdb 	 B=00000000 ldc -500

PC=00000001 	 SP=0000270f 	 A=ffffffdc 	 B=00000000 adc 1

PC=00000000 	 SP=0000270f 	 A=ffffffdc 	 B=00000000 ldc -500

PC=00000001 	 SP=0000270f 	 A=ffffffdd 	 B=00000000 adc 1

PC=00000000 	 SP=0000270f 	 A=ffffffdd 	 B=00000000 ldc -500

PC=00000001 	 SP=0000270f 	 A=ffffffde 	 B=00000000 adc 1

PC=00000000 	 SP=0000270f 	 A=ffffffde 	 B=00000000 ldc -500

PC=00000001 	 SP=0000270f 	 A=ffffffdf 	 B=00000000 adc 1

PC=00000000 	 SP=0000270f 	 A=ffffffdf 	 B=00000000 ldc -500

PC=00000001 	 SP=0000270f 	 A=ffffffe0 	 B=00000000 adc 1

PC=00000000 	 SP=0000270f 	 A=ffffffe0 	 B=00000000 ldc -500

PC=00000001 	 SP=0000270f 	 A=ffffffe1 	 B=00000000 adc 1

PC=00000000 	 SP=0000270f 	 A=ffffffe1 	 B=00000000 ldc -500

PC=00000001 	 SP=0000270f 	 A=ffffffe2 	 B=00000000 adc 1

PC=00000000 	 SP=0000270f 	 A=ffffffe2 	 B=00000000 ldc -500

PC=00000001 	 SP=0000270f 	 A=ffffffe3 	 B=00000000 adc 1

PC=00000000 	 SP=0000270f 	 A=ffffffe3 	 B=00000000 ldc -500

PC=00000001 	 SP=0000270f 	 A=ffffffe4 	 B=00000000 adc 1

PC=00000000 	 SP=0000270f 	 A=ffffffe4 	 B=00000000 ldc -500

PC=00000001 	 SP=0000270f 	 A=ffffffe5 	 B=00000000 adc 1

PC=00000000 	 SP=0000270f 	 A=ffffffe5 	 B=00000000 ldc -500

PC=00000001 	 SP=0000270f 	 A=ffffffe6 	 B=00000000 adc 1

PC=00000000 	 SP=0000270f 	 A=ffffffe6 	 B=00000000 ldc -500

PC=00000001 	 SP=0000270f 	 A=ffffffe7 	 B=00000000 adc 1

PC=00000000 	 SP=0000270f 	 A=ffffffe7 	 B=00000000 ldc -500

PC=00000001 	 SP=0000270f 	 A=ffffffe8 	 B=00000000 adc 1

PC=00000000 	 SP=0000270f 	 A=ffffffe8 	 B=00000000 ldc -500

PC=00000001 	 SP=0000270f 	 A=ffffffe9 	 B=00000000 adc 1

PC=00000000 	 SP=0000270f 	 A=ffffffe9 	 B=00000000 ldc -500

PC=00000001 	 SP=0000270f 	 A=ffffffea 	 B=00000000 adc 1

PC=00000000 	 SP=0000270f 	 A=ffffffea 	 B=00000000 ldc -500

PC=00000001 	 SP=0000270f 	 A=ffffffeb 	 B=00000000 adc 1

PC=00000000 	 SP=0000270f 	 A=ffffffeb 	 B=00000000 ldc -500

PC=00000001 	 SP=0000270f 	 A=ffffffec 	 B=00000000 adc 1

PC=00000000 	 SP=0000270f 	 A=ffffffec 	 B=00000000 ldc -500

PC=00000001 	 SP=0000270f 	 A=ffffffed 	 B=00000000 adc 1

PC=00000000 	 SP=0000270f 	 A=ffffffed 	 B=00000000 ldc -500

PC=00000001 	 SP=0000270f 	 A=ffffffee 	 B=00000000 adc 1

PC=00000000 	 SP=0000270f 	 A=ffffffee 	 B=00000000 ldc -500

PC=00000001 	 SP=0000270f 	 A=ffffffef 	 B=00000000 adc 1

PC=00000000 	 SP=0000270f 	 A=ffffffef 	 B=00000000 ldc -500

PC=00000001 	 SP=0000270f 	 A=fffffff0 	 B=00000000 adc 1

PC=00000000 	 SP=0000270f 	 A=fffffff0 	 B=00000000 ldc -500

PC=00000001 	 SP=0000270f 	 A=fffffff1 	 B=00000000 adc 1

PC=00000000 	 SP=0000270f 	 A=fffffff1 	 B=00000000 ldc -500

PC=00000001 	 SP=0000270f 	 A=fffffff2 	 B=00000000 adc 1

PC=00000000 	 SP=0000270f 	 A=fffffff2 	 B=00000000 ldc -500

PC=00000001 	 SP=0000270f 	 A=fffffff3 	 B=00000000 adc 1

PC=00000000 	 SP=0000270f 	 A=fffffff3 	 B=00000000 ldc -500

PC=00000001 	 SP=0000270f 	 A=fffffff4 	 B=00000000 adc 1

PC=00000000 	 SP=0000270f 	 A=fffffff4 	 B=00000000 ldc -500

PC=00000001 	 SP=0000270f 	 A=fffffff5 	 B=00000000 adc 1

PC=00000000 	 SP=0000270f 	 A=fffffff5 	 B=00000000 ldc -500

PC=00000001 	 SP=0000270f 	 A=fffffff6 	 B=00000000 adc 1

PC=00000000 	 SP=0000270f 	 A=fffffff6 	 B=00000000 ldc -500

PC=00000001 	 SP=0000270f 	 A=fffffff7 	 B=00000000 adc 1

PC=00000000 	 SP=0000270f 	 A=fffffff7 	 B=00000000 ldc -500

PC=00000001 	 SP=0000270f 	 A=fffffff8 	 B=00000000 adc 1

PC=00000000 	 SP=0000270f 	 A=fffffff8 	 B=00000000 ldc -500

PC=00000001 	 SP=0000270f 	 A=fffffff9 	 B=00000000 adc 1

PC=00000000 	 SP=0000270f 	 A=fffffff9 	 B=00000000 ldc -500

PC=00000001 	 SP=0000270f 	 A=fffffffa 	 B=00000000 adc 1

PC=00000000 	 SP=0000270f 	 A=fffffffa 	 B=00000000 ldc -500

PC=00000001 	 SP=0000270f 	 A=fffffffb 	 B=00000000 adc 1

PC=00000000 	 SP=0000270f 	 A=fffffffb 	 B=00000000 ldc -500

PC=00000001 	 SP=0000270f 	 A=fffffffc 	 B=00000000 adc 1

PC=00000000 	 SP=0000270f 	 A=fffffffc 	 B=00000000 ldc -500

PC=00000001 	 SP=0000270f 	 A=fffffffd 	 B=00000000 adc 1

PC=00000000 	 SP=0000270f 	 A=fffffffd 	 B=00000000 ldc -500

PC=00000001 	 SP=0000270f 	 A=fffffffe 	 B=00000000 adc 1

PC=00000000 	 SP=0000270f 	 A=fffffffe 	 B=00000000 ldc -500

PC=00000001 	 SP=0000270f 	 A=ffffffff 	 B=00000000 adc 1

PC=00000000 	 SP=0000270f 	 A=ffffffff 	 B=00000000 ldc -500

PC=00000001 	 SP=0000270f 	 A=00000000 	 B=00000000 adc 1

PC=00000002 	 SP=0000270f 	 A=00000000 	 B=00000000 brlz -2

PC=00000003 	 SP=0000270f 	 A=00000000 	 B=00000000 HALT 0

Dumping From Memory!
00000000 	 fffe0c00 00000101 fffffe10 00000012 
00000004 	 00000012 
